[2024-04-23 00:01:17] INFO root fetch - main [MainThread]: Get Changelog since Serial: [22885219]
[2024-04-23 00:01:22] INFO root fetch - main [MainThread]: Found 8 changed packages
[2024-04-23 00:01:22] INFO root fetch - processPackages [ThreadPoolExecutor-0_0]: Start processing: thick
[2024-04-23 00:01:22] INFO root fetch - processPackages [ThreadPoolExecutor-0_1]: Start processing: komodo-sdk
[2024-04-23 00:01:22] INFO root fetch - processPackages [ThreadPoolExecutor-0_2]: Start processing: mqt-core
[2024-04-23 00:01:22] INFO root fetch - processPackages [ThreadPoolExecutor-0_3]: Start processing: qlet
[2024-04-23 00:01:22] INFO root fetch - processPackages [ThreadPoolExecutor-0_4]: Start processing: artd-price-list
[2024-04-23 00:01:22] INFO root fetch - processPackages [ThreadPoolExecutor-0_5]: Start processing: memento-scorecard
[2024-04-23 00:01:22] INFO root fetch - processPackages [ThreadPoolExecutor-0_6]: Start processing: es-wait
[2024-04-23 00:01:22] INFO root fetch - processPackages [ThreadPoolExecutor-0_7]: Start processing: rapids-dependency-file-generator
[2024-04-23 00:01:22] INFO root fetch - processPackages [es-wait]: New version: [0.2.0] Old Version: [0.1.4]
[2024-04-23 00:01:22] INFO root fetch - processPackages [artd-price-list]: New version: [1.0.4] Old Version: [1.0.3]
[2024-04-23 00:01:22] INFO root fetch - processPackages [qlet]: New version: [0.1.2] Old Version: [0.1.1]
[2024-04-23 00:01:22] INFO root fetch - processPackages [komodo-sdk]: New version: [0.0.97] Old Version: [0.0.96]
[2024-04-23 00:01:22] INFO root fetch - processPackages [artd-price-list]: Downloading https://files.pythonhosted.org/packages/85/8a/e92d80d6cf6b10736ccdf14f405220bca87c9c9af832ff65c30ad811d4ac/artd_price_list-1.0.3.tar.gz
[2024-04-23 00:01:22] INFO root fetch - processPackages [memento-scorecard]: New version: [2.0.0] Old Version: [1.3.2]
[2024-04-23 00:01:22] INFO root fetch - processPackages [es-wait]: Downloading https://files.pythonhosted.org/packages/9e/4b/1175dcac15158b9d084283b09202961250d48541cb12919f4f7c02a64ea6/es_wait-0.1.4.tar.gz
[2024-04-23 00:01:22] INFO root fetch - processPackages [thick]: New version: [0.0.5] Old Version: [0.0.4]
[2024-04-23 00:01:22] INFO root fetch - processPackages [mqt-core]: New version: [2.4.1] Old Version: [2.4.0]
[2024-04-23 00:01:22] INFO root fetch - processPackages [rapids-dependency-file-generator]: New version: [1.9.0] Old Version: [1.8.0]
[2024-04-23 00:01:22] INFO root fetch - processPackages [artd-price-list]: Downloading https://files.pythonhosted.org/packages/d7/0d/b4d68a2ae270154e4703406c93ebee7c42bb90c6bbcb07ab299bb764bdce/artd_price_list-1.0.4.tar.gz
[2024-04-23 00:01:22] INFO root fetch - processPackages [komodo-sdk]: Downloading https://files.pythonhosted.org/packages/bf/c9/7cd86415856d9b1f8ad05631299670f9d9dcbe2bf0ea82fb64525c3b7f7c/komodo_sdk-0.0.96.tar.gz
[2024-04-23 00:01:22] INFO root fetch - processPackages [es-wait]: Downloading https://files.pythonhosted.org/packages/4d/bb/c3be761c70dce3b50c4f58ad9e0ce922319be2a9a2e039a911412ba8c061/es_wait-0.2.0.tar.gz
[2024-04-23 00:01:22] INFO root fetch - processPackages [qlet]: Downloading https://files.pythonhosted.org/packages/a8/3e/5c486232bd0eb05c8b0c09e0a5e001fcadba925f86b2141abbc21461f21c/qlet-0.1.1.tar.gz
[2024-04-23 00:01:22] INFO root fetch - processPackages [mqt-core]: Downloading https://files.pythonhosted.org/packages/a3/4c/34aded5e588c3aa17005a7f51510e137049c5195c3239a05cfc0bd2024aa/mqt_core-2.4.0.tar.gz
[2024-04-23 00:01:22] INFO root fetch - processPackages [memento-scorecard]: Downloading https://files.pythonhosted.org/packages/4f/da/cceeadb919be7df05b17a3a58f7b3254001ae022884011d94aac7361ea57/memento-scorecard-1.3.2.tar.gz
[2024-04-23 00:01:22] INFO root fetch - processPackages [rapids-dependency-file-generator]: Downloading https://files.pythonhosted.org/packages/35/cc/fe0001af9e6b85bf03a3ced4911e4a78dfa8de7e254ca03dabe31164412c/rapids-dependency-file-generator-1.8.0.tar.gz
[2024-04-23 00:01:22] INFO root fetch - processPackages [thick]: Downloading https://files.pythonhosted.org/packages/f6/5c/86fea44cdfd392113e8e2a532783a6fdd99d088452c9fca667255ee5dd8c/thick-0.0.4.tar.gz
[2024-04-23 00:01:22] INFO root fetch - processPackages [artd-price-list]: executing diffoscope
[2024-04-23 00:01:22] INFO root fetch - processPackages [artd-price-list]: podman run --user 0:0 --rm -w /home/abi/fetcher -v /home/abi/fetcher/tmp:/home/abi/fetcher/tmp:ro -v /home/abi/fetcher/20240423:/home/abi/fetcher/20240423:rw registry.salsa.debian.org/reproducible-builds/diffoscope --no-progress tmp/artd_price_list-1.0.3.tar.gz tmp/artd_price_list-1.0.4.tar.gz --markdown 20240423/a/artd-price-list/1.0.3-1.0.4/README.md --exclude *.pyd
[2024-04-23 00:01:22] INFO root fetch - processPackages [es-wait]: executing diffoscope
[2024-04-23 00:01:22] INFO root fetch - processPackages [es-wait]: podman run --user 0:0 --rm -w /home/abi/fetcher -v /home/abi/fetcher/tmp:/home/abi/fetcher/tmp:ro -v /home/abi/fetcher/20240423:/home/abi/fetcher/20240423:rw registry.salsa.debian.org/reproducible-builds/diffoscope --no-progress tmp/es_wait-0.1.4.tar.gz tmp/es_wait-0.2.0.tar.gz --markdown 20240423/e/es-wait/0.1.4-0.2.0/README.md --exclude *.pyd
[2024-04-23 00:01:23] INFO root fetch - processPackages [mqt-core]: Downloading https://files.pythonhosted.org/packages/7d/c2/ad003e176dcb213b7691bffaf8b165b855c639d50e85566495aac7dd4c43/mqt_core-2.4.1.tar.gz
[2024-04-23 00:01:23] INFO root fetch - processPackages [qlet]: Downloading https://files.pythonhosted.org/packages/ce/16/b43ff491b807fc5230e553a3e16048116bf6775cea23056cd530636d298f/qlet-0.1.2.tar.gz
[2024-04-23 00:01:23] INFO root fetch - processPackages [thick]: Downloading https://files.pythonhosted.org/packages/f6/82/33e2a214a14e6f1771c9c60134840127545fe1a0bd1fc90b68e8095a3337/thick-0.0.5.tar.gz
[2024-04-23 00:01:23] INFO root fetch - processPackages [komodo-sdk]: Downloading https://files.pythonhosted.org/packages/2d/b2/2cffa884d250a5bb8930b410ea153e44a5c0db1b0f4b863766e60dde3c8b/komodo_sdk-0.0.97.tar.gz
[2024-04-23 00:01:23] INFO root fetch - processPackages [rapids-dependency-file-generator]: Downloading https://files.pythonhosted.org/packages/1b/cc/edcd9e618969ad028bd2880c86f9e8984c9da491fcd730c7a81b46556a7d/rapids-dependency-file-generator-1.9.0.tar.gz
[2024-04-23 00:01:23] INFO root fetch - processPackages [memento-scorecard]: Downloading https://files.pythonhosted.org/packages/17/33/bc6ecd14960defdbe88604a391d831bf277f0970164e47fbc2b005ee7a35/memento-scorecard-2.0.0.tar.gz
[2024-04-23 00:01:23] INFO root fetch - processPackages [thick]: executing diffoscope
[2024-04-23 00:01:23] INFO root fetch - processPackages [thick]: podman run --user 0:0 --rm -w /home/abi/fetcher -v /home/abi/fetcher/tmp:/home/abi/fetcher/tmp:ro -v /home/abi/fetcher/20240423:/home/abi/fetcher/20240423:rw registry.salsa.debian.org/reproducible-builds/diffoscope --no-progress tmp/thick-0.0.4.tar.gz tmp/thick-0.0.5.tar.gz --markdown 20240423/t/thick/0.0.4-0.0.5/README.md --exclude *.pyd
[2024-04-23 00:01:23] INFO root fetch - processPackages [rapids-dependency-file-generator]: executing diffoscope
[2024-04-23 00:01:23] INFO root fetch - processPackages [rapids-dependency-file-generator]: podman run --user 0:0 --rm -w /home/abi/fetcher -v /home/abi/fetcher/tmp:/home/abi/fetcher/tmp:ro -v /home/abi/fetcher/20240423:/home/abi/fetcher/20240423:rw registry.salsa.debian.org/reproducible-builds/diffoscope --no-progress tmp/rapids-dependency-file-generator-1.8.0.tar.gz tmp/rapids-dependency-file-generator-1.9.0.tar.gz --markdown 20240423/r/rapids-dependency-file-generator/1.8.0-1.9.0/README.md --exclude *.pyd
[2024-04-23 00:01:23] INFO root fetch - processPackages [komodo-sdk]: executing diffoscope
[2024-04-23 00:01:23] INFO root fetch - processPackages [komodo-sdk]: podman run --user 0:0 --rm -w /home/abi/fetcher -v /home/abi/fetcher/tmp:/home/abi/fetcher/tmp:ro -v /home/abi/fetcher/20240423:/home/abi/fetcher/20240423:rw registry.salsa.debian.org/reproducible-builds/diffoscope --no-progress tmp/komodo_sdk-0.0.96.tar.gz tmp/komodo_sdk-0.0.97.tar.gz --markdown 20240423/k/komodo-sdk/0.0.96-0.0.97/README.md --exclude *.pyd
[2024-04-23 00:01:23] INFO root fetch - processPackages [qlet]: executing diffoscope
[2024-04-23 00:01:23] INFO root fetch - processPackages [qlet]: podman run --user 0:0 --rm -w /home/abi/fetcher -v /home/abi/fetcher/tmp:/home/abi/fetcher/tmp:ro -v /home/abi/fetcher/20240423:/home/abi/fetcher/20240423:rw registry.salsa.debian.org/reproducible-builds/diffoscope --no-progress tmp/qlet-0.1.1.tar.gz tmp/qlet-0.1.2.tar.gz --markdown 20240423/q/qlet/0.1.1-0.1.2/README.md --exclude *.pyd
[2024-04-23 00:01:23] INFO root fetch - processPackages [mqt-core]: executing diffoscope
[2024-04-23 00:01:23] INFO root fetch - processPackages [mqt-core]: podman run --user 0:0 --rm -w /home/abi/fetcher -v /home/abi/fetcher/tmp:/home/abi/fetcher/tmp:ro -v /home/abi/fetcher/20240423:/home/abi/fetcher/20240423:rw registry.salsa.debian.org/reproducible-builds/diffoscope --no-progress tmp/mqt_core-2.4.0.tar.gz tmp/mqt_core-2.4.1.tar.gz --markdown 20240423/m/mqt-core/2.4.0-2.4.1/README.md --exclude *.pyd
[2024-04-23 00:01:23] INFO root fetch - processPackages [memento-scorecard]: executing diffoscope
[2024-04-23 00:01:23] INFO root fetch - processPackages [memento-scorecard]: podman run --user 0:0 --rm -w /home/abi/fetcher -v /home/abi/fetcher/tmp:/home/abi/fetcher/tmp:ro -v /home/abi/fetcher/20240423:/home/abi/fetcher/20240423:rw registry.salsa.debian.org/reproducible-builds/diffoscope --no-progress tmp/memento-scorecard-1.3.2.tar.gz tmp/memento-scorecard-2.0.0.tar.gz --markdown 20240423/m/memento-scorecard/1.3.2-2.0.0/README.md --exclude *.pyd
[2024-04-23 00:01:23] INFO root fetch - processPackages [es-wait]: Remove: archive file [/home/abi/fetcher/tmp/es_wait-0.1.4.tar.gz]
[2024-04-23 00:01:23] INFO root fetch - processPackages [es-wait]: Remove: archive file [/home/abi/fetcher/tmp/es_wait-0.2.0.tar.gz]
[2024-04-23 00:01:23] INFO root fetch - main [MainThread]: End processing [es-wait]: success
[2024-04-23 00:01:23] INFO root fetch - processPackages [artd-price-list]: Remove: archive file [/home/abi/fetcher/tmp/artd_price_list-1.0.3.tar.gz]
[2024-04-23 00:01:23] INFO root fetch - processPackages [artd-price-list]: Remove: archive file [/home/abi/fetcher/tmp/artd_price_list-1.0.4.tar.gz]
[2024-04-23 00:01:23] INFO root fetch - main [MainThread]: End processing [artd-price-list]: success
[2024-04-23 00:01:24] INFO root fetch - processPackages [thick]: Remove: archive file [/home/abi/fetcher/tmp/thick-0.0.4.tar.gz]
[2024-04-23 00:01:24] INFO root fetch - processPackages [thick]: Remove: archive file [/home/abi/fetcher/tmp/thick-0.0.5.tar.gz]
[2024-04-23 00:01:24] INFO root fetch - main [MainThread]: End processing [thick]: success
[2024-04-23 00:01:24] INFO root fetch - processPackages [qlet]: Remove: archive file [/home/abi/fetcher/tmp/qlet-0.1.1.tar.gz]
[2024-04-23 00:01:24] INFO root fetch - processPackages [qlet]: Remove: archive file [/home/abi/fetcher/tmp/qlet-0.1.2.tar.gz]
[2024-04-23 00:01:24] INFO root fetch - main [MainThread]: End processing [qlet]: success
[2024-04-23 00:01:24] INFO root fetch - processPackages [rapids-dependency-file-generator]: Remove: archive file [/home/abi/fetcher/tmp/rapids-dependency-file-generator-1.8.0.tar.gz]
[2024-04-23 00:01:24] INFO root fetch - processPackages [rapids-dependency-file-generator]: Remove: archive file [/home/abi/fetcher/tmp/rapids-dependency-file-generator-1.9.0.tar.gz]
[2024-04-23 00:01:24] INFO root fetch - main [MainThread]: End processing [rapids-dependency-file-generator]: success
[2024-04-23 00:01:24] INFO root fetch - processPackages [memento-scorecard]: Remove: archive file [/home/abi/fetcher/tmp/memento-scorecard-1.3.2.tar.gz]
[2024-04-23 00:01:24] INFO root fetch - processPackages [memento-scorecard]: Remove: archive file [/home/abi/fetcher/tmp/memento-scorecard-2.0.0.tar.gz]
[2024-04-23 00:01:24] INFO root fetch - main [MainThread]: End processing [memento-scorecard]: success
[2024-04-23 00:01:24] INFO root fetch - processPackages [mqt-core]: Remove: archive file [/home/abi/fetcher/tmp/mqt_core-2.4.0.tar.gz]
[2024-04-23 00:01:24] INFO root fetch - processPackages [mqt-core]: Remove: archive file [/home/abi/fetcher/tmp/mqt_core-2.4.1.tar.gz]
[2024-04-23 00:01:24] INFO root fetch - main [MainThread]: End processing [mqt-core]: success
[2024-04-23 00:01:24] INFO root fetch - processPackages [komodo-sdk]: Remove: archive file [/home/abi/fetcher/tmp/komodo_sdk-0.0.96.tar.gz]
[2024-04-23 00:01:24] INFO root fetch - processPackages [komodo-sdk]: Remove: archive file [/home/abi/fetcher/tmp/komodo_sdk-0.0.97.tar.gz]
[2024-04-23 00:01:24] INFO root fetch - main [MainThread]: End processing [komodo-sdk]: success
[2024-04-23 00:01:24] INFO root fetch - main [MainThread]: Store serial: [22885274]
[2024-04-23 00:03:28] INFO root fetch - main [MainThread]: Get Changelog since Serial: [22885274]
[2024-04-23 00:03:33] INFO root fetch - main [MainThread]: Found 5 changed packages
[2024-04-23 00:03:33] INFO root fetch - processPackages [ThreadPoolExecutor-0_0]: Start processing: rapids-dependency-file-generator
[2024-04-23 00:03:33] INFO root fetch - processPackages [ThreadPoolExecutor-0_1]: Start processing: plover-sound
[2024-04-23 00:03:33] INFO root fetch - processPackages [ThreadPoolExecutor-0_2]: Start processing: basicbedrock
[2024-04-23 00:03:33] INFO root fetch - processPackages [ThreadPoolExecutor-0_3]: Start processing: oracle-guardian-ai
[2024-04-23 00:03:33] INFO root fetch - processPackages [ThreadPoolExecutor-0_4]: Start processing: PKDevTools
[2024-04-23 00:03:33] WARNING root fetch - processPackages [plover-sound]: Skipping, unable to determine old version
[2024-04-23 00:03:33] INFO root fetch - main [MainThread]: End processing [plover-sound] error
[2024-04-23 00:03:33] INFO root fetch - processPackages [PKDevTools]: New version: [0.13.20240422.102] Old Version: [0.13.20240421.99]
[2024-04-23 00:03:33] INFO root fetch - processPackages [rapids-dependency-file-generator]: New version: [1.9.0] Old Version: [1.8.0]
[2024-04-23 00:03:33] INFO root fetch - processPackages [oracle-guardian-ai]: New version: [1.1.0] Old Version: [1.0.1]
[2024-04-23 00:03:33] INFO root fetch - processPackages [rapids-dependency-file-generator]: Downloading https://files.pythonhosted.org/packages/35/cc/fe0001af9e6b85bf03a3ced4911e4a78dfa8de7e254ca03dabe31164412c/rapids-dependency-file-generator-1.8.0.tar.gz
[2024-04-23 00:03:34] INFO root fetch - processPackages [basicbedrock]: New version: [0.1.4] Old Version: [0.1.3]
[2024-04-23 00:03:34] INFO root fetch - processPackages [PKDevTools]: Downloading https://files.pythonhosted.org/packages/1c/da/ed6a44ea84ec65677ce541ca04ecd2aba8b9971918f98d4a656a387aab4a/PKDevTools-0.13.20240421.99.tar.gz
[2024-04-23 00:03:34] INFO root fetch - processPackages [rapids-dependency-file-generator]: Downloading https://files.pythonhosted.org/packages/1b/cc/edcd9e618969ad028bd2880c86f9e8984c9da491fcd730c7a81b46556a7d/rapids-dependency-file-generator-1.9.0.tar.gz
[2024-04-23 00:03:34] INFO root fetch - processPackages [oracle-guardian-ai]: Downloading https://files.pythonhosted.org/packages/99/df/af93008d08a4994d4e5117f2c3cbff2a5bb8a433ae5f7317d29c2244006e/oracle_guardian_ai-1.0.1.tar.gz
[2024-04-23 00:03:34] INFO root fetch - processPackages [basicbedrock]: Downloading https://files.pythonhosted.org/packages/6d/08/1fff5da6d7da7f0bbcebe5eba8feaef5595b2d60f4edebfc4602e1d2a358/basicbedrock-0.1.3.tar.gz
[2024-04-23 00:03:34] INFO root fetch - processPackages [rapids-dependency-file-generator]: executing diffoscope
[2024-04-23 00:03:34] INFO root fetch - processPackages [rapids-dependency-file-generator]: podman run --user 0:0 --rm -w /home/abi/fetcher -v /home/abi/fetcher/tmp:/home/abi/fetcher/tmp:ro -v /home/abi/fetcher/20240423:/home/abi/fetcher/20240423:rw registry.salsa.debian.org/reproducible-builds/diffoscope --no-progress tmp/rapids-dependency-file-generator-1.8.0.tar.gz tmp/rapids-dependency-file-generator-1.9.0.tar.gz --markdown 20240423/r/rapids-dependency-file-generator/1.8.0-1.9.0/README.md --exclude *.pyd
[2024-04-23 00:03:34] INFO root fetch - processPackages [oracle-guardian-ai]: Downloading https://files.pythonhosted.org/packages/4e/7d/e2c7bcf2bc55be759435a43674ebec7a1edac3a56d364813059faf940573/oracle_guardian_ai-1.1.0.tar.gz
[2024-04-23 00:03:34] INFO root fetch - processPackages [PKDevTools]: Downloading https://files.pythonhosted.org/packages/ec/10/16078805360d1d59ae2d17bdbbf097034ea76513624221aadb18725dafbb/PKDevTools-0.13.20240422.102.tar.gz
[2024-04-23 00:03:34] INFO root fetch - processPackages [basicbedrock]: Downloading https://files.pythonhosted.org/packages/67/68/71f870d413ae6c1bca0fccd27d22380d79ca9cfb3ac4488b43cc3bb8a2c6/basicbedrock-0.1.4.tar.gz
[2024-04-23 00:03:34] INFO root fetch - processPackages [oracle-guardian-ai]: executing diffoscope
[2024-04-23 00:03:34] INFO root fetch - processPackages [oracle-guardian-ai]: podman run --user 0:0 --rm -w /home/abi/fetcher -v /home/abi/fetcher/tmp:/home/abi/fetcher/tmp:ro -v /home/abi/fetcher/20240423:/home/abi/fetcher/20240423:rw registry.salsa.debian.org/reproducible-builds/diffoscope --no-progress tmp/oracle_guardian_ai-1.0.1.tar.gz tmp/oracle_guardian_ai-1.1.0.tar.gz --markdown 20240423/o/oracle-guardian-ai/1.0.1-1.1.0/README.md --exclude *.pyd
[2024-04-23 00:03:34] INFO root fetch - processPackages [PKDevTools]: executing diffoscope
[2024-04-23 00:03:34] INFO root fetch - processPackages [PKDevTools]: podman run --user 0:0 --rm -w /home/abi/fetcher -v /home/abi/fetcher/tmp:/home/abi/fetcher/tmp:ro -v /home/abi/fetcher/20240423:/home/abi/fetcher/20240423:rw registry.salsa.debian.org/reproducible-builds/diffoscope --no-progress tmp/PKDevTools-0.13.20240421.99.tar.gz tmp/PKDevTools-0.13.20240422.102.tar.gz --markdown 20240423/P/PKDevTools/0.13.20240421.99-0.13.20240422.102/README.md --exclude *.pyd
[2024-04-23 00:03:34] INFO root fetch - processPackages [basicbedrock]: executing diffoscope
[2024-04-23 00:03:34] INFO root fetch - processPackages [basicbedrock]: podman run --user 0:0 --rm -w /home/abi/fetcher -v /home/abi/fetcher/tmp:/home/abi/fetcher/tmp:ro -v /home/abi/fetcher/20240423:/home/abi/fetcher/20240423:rw registry.salsa.debian.org/reproducible-builds/diffoscope --no-progress tmp/basicbedrock-0.1.3.tar.gz tmp/basicbedrock-0.1.4.tar.gz --markdown 20240423/b/basicbedrock/0.1.3-0.1.4/README.md --exclude *.pyd
[2024-04-23 00:03:35] INFO root fetch - processPackages [rapids-dependency-file-generator]: Remove: archive file [/home/abi/fetcher/tmp/rapids-dependency-file-generator-1.8.0.tar.gz]
[2024-04-23 00:03:35] INFO root fetch - processPackages [rapids-dependency-file-generator]: Remove: archive file [/home/abi/fetcher/tmp/rapids-dependency-file-generator-1.9.0.tar.gz]
[2024-04-23 00:03:35] INFO root fetch - main [MainThread]: End processing [rapids-dependency-file-generator]: success
[2024-04-23 00:03:35] INFO root fetch - processPackages [basicbedrock]: Remove: archive file [/home/abi/fetcher/tmp/basicbedrock-0.1.3.tar.gz]
[2024-04-23 00:03:35] INFO root fetch - processPackages [basicbedrock]: Remove: archive file [/home/abi/fetcher/tmp/basicbedrock-0.1.4.tar.gz]
[2024-04-23 00:03:35] INFO root fetch - main [MainThread]: End processing [basicbedrock]: success
[2024-04-23 00:03:35] INFO root fetch - processPackages [PKDevTools]: Remove: archive file [/home/abi/fetcher/tmp/PKDevTools-0.13.20240421.99.tar.gz]
[2024-04-23 00:03:35] INFO root fetch - processPackages [PKDevTools]: Remove: archive file [/home/abi/fetcher/tmp/PKDevTools-0.13.20240422.102.tar.gz]
[2024-04-23 00:03:35] INFO root fetch - main [MainThread]: End processing [PKDevTools]: success
[2024-04-23 00:03:35] INFO root fetch - processPackages [oracle-guardian-ai]: Remove: archive file [/home/abi/fetcher/tmp/oracle_guardian_ai-1.0.1.tar.gz]
[2024-04-23 00:03:35] INFO root fetch - processPackages [oracle-guardian-ai]: Remove: archive file [/home/abi/fetcher/tmp/oracle_guardian_ai-1.1.0.tar.gz]
[2024-04-23 00:03:35] INFO root fetch - main [MainThread]: End processing [oracle-guardian-ai]: success
[2024-04-23 00:03:35] INFO root fetch - main [MainThread]: Store serial: [22885289]
[2024-04-23 00:05:39] INFO root fetch - main [MainThread]: Get Changelog since Serial: [22885289]
[2024-04-23 00:05:44] INFO root fetch - main [MainThread]: Found 2 changed packages
[2024-04-23 00:05:44] INFO root fetch - processPackages [ThreadPoolExecutor-0_0]: Start processing: communex
[2024-04-23 00:05:44] INFO root fetch - processPackages [ThreadPoolExecutor-0_1]: Start processing: reverse-argparse
[2024-04-23 00:05:44] INFO root fetch - processPackages [communex]: New version: [0.1.9] Old Version: [0.1.8]
[2024-04-23 00:05:44] INFO root fetch - processPackages [communex]: Downloading https://files.pythonhosted.org/packages/77/67/00051570e40b098c12038ef6aed5be120d14bfafef5d08885df5a9714f91/communex-0.1.8.tar.gz
[2024-04-23 00:05:44] INFO root fetch - processPackages [reverse-argparse]: New version: [1.0.7] Old Version: [1.0.6]
[2024-04-23 00:05:44] INFO root fetch - processPackages [communex]: Downloading https://files.pythonhosted.org/packages/51/79/c7d8079cf08c4dcf6ea1f984e64a67fe00acfd76303d2f7f6159f574d5da/communex-0.1.9.tar.gz
[2024-04-23 00:05:44] INFO root fetch - processPackages [reverse-argparse]: Downloading https://files.pythonhosted.org/packages/9d/ca/78acc975041593cb00f8fd52e74959e846299b6b9d16ff93142c8167a92e/reverse_argparse-1.0.6.tar.gz
[2024-04-23 00:05:44] INFO root fetch - processPackages [communex]: executing diffoscope
[2024-04-23 00:05:44] INFO root fetch - processPackages [communex]: podman run --user 0:0 --rm -w /home/abi/fetcher -v /home/abi/fetcher/tmp:/home/abi/fetcher/tmp:ro -v /home/abi/fetcher/20240423:/home/abi/fetcher/20240423:rw registry.salsa.debian.org/reproducible-builds/diffoscope --no-progress tmp/communex-0.1.8.tar.gz tmp/communex-0.1.9.tar.gz --markdown 20240423/c/communex/0.1.8-0.1.9/README.md --exclude *.pyd
[2024-04-23 00:05:44] INFO root fetch - processPackages [reverse-argparse]: Downloading https://files.pythonhosted.org/packages/aa/71/2ff27c9413a7e71a17b7d002aafbf116e8c3bb8ed2c52a8231655a01c42a/reverse_argparse-1.0.7.tar.gz
[2024-04-23 00:05:45] INFO root fetch - processPackages [reverse-argparse]: executing diffoscope
[2024-04-23 00:05:45] INFO root fetch - processPackages [reverse-argparse]: podman run --user 0:0 --rm -w /home/abi/fetcher -v /home/abi/fetcher/tmp:/home/abi/fetcher/tmp:ro -v /home/abi/fetcher/20240423:/home/abi/fetcher/20240423:rw registry.salsa.debian.org/reproducible-builds/diffoscope --no-progress tmp/reverse_argparse-1.0.6.tar.gz tmp/reverse_argparse-1.0.7.tar.gz --markdown 20240423/r/reverse-argparse/1.0.6-1.0.7/README.md --exclude *.pyd
[2024-04-23 00:05:45] INFO root fetch - processPackages [communex]: Remove: archive file [/home/abi/fetcher/tmp/communex-0.1.8.tar.gz]
[2024-04-23 00:05:45] INFO root fetch - processPackages [communex]: Remove: archive file [/home/abi/fetcher/tmp/communex-0.1.9.tar.gz]
[2024-04-23 00:05:45] INFO root fetch - main [MainThread]: End processing [communex]: success
[2024-04-23 00:05:45] INFO root fetch - processPackages [reverse-argparse]: Remove: archive file [/home/abi/fetcher/tmp/reverse_argparse-1.0.6.tar.gz]
[2024-04-23 00:05:45] INFO root fetch - processPackages [reverse-argparse]: Remove: archive file [/home/abi/fetcher/tmp/reverse_argparse-1.0.7.tar.gz]
[2024-04-23 00:05:45] INFO root fetch - main [MainThread]: End processing [reverse-argparse]: success
[2024-04-23 00:05:45] INFO root fetch - main [MainThread]: Store serial: [22885295]
[2024-04-23 00:07:49] INFO root fetch - main [MainThread]: Get Changelog since Serial: [22885295]
[2024-04-23 00:07:53] INFO root fetch - main [MainThread]: Found 1 changed packages
[2024-04-23 00:07:53] INFO root fetch - processPackages [ThreadPoolExecutor-0_0]: Start processing: mpf
[2024-04-23 00:07:53] INFO root fetch - processPackages [mpf]: New version: [0.57.1.dev4] Old Version: [0.57.1.dev3]
[2024-04-23 00:07:54] INFO root fetch - processPackages [mpf]: Downloading https://files.pythonhosted.org/packages/34/9c/0526a4d20848580aab47c4b4b581a0dd9284fb4586dd50790796d8e09596/mpf-0.57.1.dev3.tar.gz
[2024-04-23 00:07:55] INFO root fetch - processPackages [mpf]: Downloading https://files.pythonhosted.org/packages/d2/b0/7eae94833a5f170a97fe2d07d2861c9403b8fcaba122956c8992b85bbf81/mpf-0.57.1.dev4.tar.gz
[2024-04-23 00:07:55] INFO root fetch - processPackages [mpf]: executing diffoscope
[2024-04-23 00:07:55] INFO root fetch - processPackages [mpf]: podman run --user 0:0 --rm -w /home/abi/fetcher -v /home/abi/fetcher/tmp:/home/abi/fetcher/tmp:ro -v /home/abi/fetcher/20240423:/home/abi/fetcher/20240423:rw registry.salsa.debian.org/reproducible-builds/diffoscope --no-progress tmp/mpf-0.57.1.dev3.tar.gz tmp/mpf-0.57.1.dev4.tar.gz --markdown 20240423/m/mpf/0.57.1.dev3-0.57.1.dev4/README.md --exclude *.pyd
[2024-04-23 00:07:59] INFO root fetch - processPackages [mpf]: Remove: archive file [/home/abi/fetcher/tmp/mpf-0.57.1.dev3.tar.gz]
[2024-04-23 00:07:59] INFO root fetch - processPackages [mpf]: Remove: archive file [/home/abi/fetcher/tmp/mpf-0.57.1.dev4.tar.gz]
[2024-04-23 00:07:59] INFO root fetch - main [MainThread]: End processing [mpf]: success
[2024-04-23 00:07:59] INFO root fetch - main [MainThread]: Store serial: [22885298]
[2024-04-23 00:10:02] INFO root fetch - main [MainThread]: Get Changelog since Serial: [22885298]
[2024-04-23 00:10:07] INFO root fetch - main [MainThread]: Found 3 changed packages
[2024-04-23 00:10:07] INFO root fetch - processPackages [ThreadPoolExecutor-0_0]: Start processing: keras-generators
[2024-04-23 00:10:07] INFO root fetch - processPackages [ThreadPoolExecutor-0_1]: Start processing: artd-promotion
[2024-04-23 00:10:07] INFO root fetch - processPackages [ThreadPoolExecutor-0_2]: Start processing: es-wait
[2024-04-23 00:10:07] INFO root fetch - processPackages [artd-promotion]: New version: [1.0.3] Old Version: [1.0.2]
[2024-04-23 00:10:07] INFO root fetch - processPackages [es-wait]: New version: [0.2.1] Old Version: [0.2.0]
[2024-04-23 00:10:07] INFO root fetch - processPackages [artd-promotion]: Downloading https://files.pythonhosted.org/packages/eb/65/32a3f8f84fcc98c24e204c1773cb3be50151177c9f588a02c50baa9cdc2c/artd_promotion-1.0.2.tar.gz
[2024-04-23 00:10:07] INFO root fetch - processPackages [keras-generators]: New version: [1.4.1] Old Version: [1.4.0]
[2024-04-23 00:10:07] INFO root fetch - processPackages [es-wait]: Downloading https://files.pythonhosted.org/packages/4d/bb/c3be761c70dce3b50c4f58ad9e0ce922319be2a9a2e039a911412ba8c061/es_wait-0.2.0.tar.gz
[2024-04-23 00:10:07] INFO root fetch - processPackages [artd-promotion]: Downloading https://files.pythonhosted.org/packages/19/2b/79e4177c97a03cd891c571080fc80eb9c1b1bce451e71a17cdc9fb7a2cf2/artd_promotion-1.0.3.tar.gz
[2024-04-23 00:10:07] INFO root fetch - processPackages [keras-generators]: Downloading https://files.pythonhosted.org/packages/d6/4e/81056b58f1124b7c6b1a7a3829d2807e0a3550cf116d06d685e0b7677e51/keras_generators-1.4.0-py3-none-any.whl
[2024-04-23 00:10:08] INFO root fetch - processPackages [artd-promotion]: executing diffoscope
[2024-04-23 00:10:08] INFO root fetch - processPackages [artd-promotion]: podman run --user 0:0 --rm -w /home/abi/fetcher -v /home/abi/fetcher/tmp:/home/abi/fetcher/tmp:ro -v /home/abi/fetcher/20240423:/home/abi/fetcher/20240423:rw registry.salsa.debian.org/reproducible-builds/diffoscope --no-progress tmp/artd_promotion-1.0.2.tar.gz tmp/artd_promotion-1.0.3.tar.gz --markdown 20240423/a/artd-promotion/1.0.2-1.0.3/README.md --exclude *.pyd
[2024-04-23 00:10:08] INFO root fetch - processPackages [es-wait]: Downloading https://files.pythonhosted.org/packages/4a/e5/9be90934f553c9bdac864a405b377dd523afd5d7e2dc55d5a22478427dd6/es_wait-0.2.1.tar.gz
[2024-04-23 00:10:08] INFO root fetch - processPackages [es-wait]: executing diffoscope
[2024-04-23 00:10:08] INFO root fetch - processPackages [es-wait]: podman run --user 0:0 --rm -w /home/abi/fetcher -v /home/abi/fetcher/tmp:/home/abi/fetcher/tmp:ro -v /home/abi/fetcher/20240423:/home/abi/fetcher/20240423:rw registry.salsa.debian.org/reproducible-builds/diffoscope --no-progress tmp/es_wait-0.2.0.tar.gz tmp/es_wait-0.2.1.tar.gz --markdown 20240423/e/es-wait/0.2.0-0.2.1/README.md --exclude *.pyd
[2024-04-23 00:10:08] INFO root fetch - processPackages [keras-generators]: Downloading https://files.pythonhosted.org/packages/d8/d9/533c86de50931f40e1c03fcd704f9e5e7fe039440cf235b02c15d9aec881/keras_generators-1.4.1-py3-none-any.whl
[2024-04-23 00:10:08] INFO root fetch - processPackages [keras-generators]: executing diffoscope
[2024-04-23 00:10:08] INFO root fetch - processPackages [keras-generators]: podman run --user 0:0 --rm -w /home/abi/fetcher -v /home/abi/fetcher/tmp:/home/abi/fetcher/tmp:ro -v /home/abi/fetcher/20240423:/home/abi/fetcher/20240423:rw registry.salsa.debian.org/reproducible-builds/diffoscope --no-progress tmp/keras_generators-1.4.0-py3-none-any.whl.zip tmp/keras_generators-1.4.1-py3-none-any.whl.zip --markdown 20240423/k/keras-generators/1.4.0-1.4.1/README.md --exclude *.pyd
[2024-04-23 00:10:08] INFO root fetch - processPackages [artd-promotion]: Remove: archive file [/home/abi/fetcher/tmp/artd_promotion-1.0.2.tar.gz]
[2024-04-23 00:10:08] INFO root fetch - processPackages [artd-promotion]: Remove: archive file [/home/abi/fetcher/tmp/artd_promotion-1.0.3.tar.gz]
[2024-04-23 00:10:08] INFO root fetch - main [MainThread]: End processing [artd-promotion]: success
[2024-04-23 00:10:08] INFO root fetch - processPackages [es-wait]: Remove: archive file [/home/abi/fetcher/tmp/es_wait-0.2.0.tar.gz]
[2024-04-23 00:10:08] INFO root fetch - processPackages [es-wait]: Remove: archive file [/home/abi/fetcher/tmp/es_wait-0.2.1.tar.gz]
[2024-04-23 00:10:08] INFO root fetch - main [MainThread]: End processing [es-wait]: success
[2024-04-23 00:10:08] INFO root fetch - processPackages [keras-generators]: Remove: archive file [/home/abi/fetcher/tmp/keras_generators-1.4.0-py3-none-any.whl.zip]
[2024-04-23 00:10:08] INFO root fetch - processPackages [keras-generators]: Remove: archive file [/home/abi/fetcher/tmp/keras_generators-1.4.1-py3-none-any.whl.zip]
[2024-04-23 00:10:08] INFO root fetch - main [MainThread]: End processing [keras-generators]: success
[2024-04-23 00:10:08] INFO root fetch - main [MainThread]: Store serial: [22885306]
[2024-04-23 00:12:12] INFO root fetch - main [MainThread]: Get Changelog since Serial: [22885306]
[2024-04-23 00:12:17] INFO root fetch - main [MainThread]: Found 2 changed packages
[2024-04-23 00:12:17] INFO root fetch - processPackages [ThreadPoolExecutor-0_0]: Start processing: mdxcanvas
[2024-04-23 00:12:17] INFO root fetch - processPackages [ThreadPoolExecutor-0_1]: Start processing: gpudb
[2024-04-23 00:12:17] INFO root fetch - processPackages [mdxcanvas]: New version: [0.1.0] Old Version: [0.0.8]
[2024-04-23 00:12:17] INFO root fetch - processPackages [gpudb]: New version: [7.2.0.6] Old Version: [7.2.0.5]
[2024-04-23 00:12:17] INFO root fetch - processPackages [mdxcanvas]: Downloading https://files.pythonhosted.org/packages/e4/db/8a1c7c6842cce683534e710f08dc3f8504fc5e871d64d0feccd28e627377/mdxcanvas-0.0.8.tar.gz
[2024-04-23 00:12:17] INFO root fetch - processPackages [gpudb]: Downloading https://files.pythonhosted.org/packages/da/65/c0d80b351ca3f508cbcdcb0cdde460e7983aa6ad34b72257ee167dba18f3/gpudb-7.2.0.5-cp39-cp39-win_amd64.whl
[2024-04-23 00:12:18] INFO root fetch - processPackages [mdxcanvas]: Downloading https://files.pythonhosted.org/packages/b7/d3/5e8cee995b5aa14cd2faa6414277fe027db17dadba84e440af7d4293d075/mdxcanvas-0.1.0.tar.gz
[2024-04-23 00:12:18] INFO root fetch - processPackages [gpudb]: Downloading https://files.pythonhosted.org/packages/4c/f6/44253d2655b5a9781a8632a827faa5ec231054a2766a7591b86b1c0cc7c7/gpudb-7.2.0.6-cp36-cp36m-manylinux_2_17_x86_64.manylinux2014_x86_64.whl
[2024-04-23 00:12:18] INFO root fetch - processPackages [mdxcanvas]: executing diffoscope
[2024-04-23 00:12:18] INFO root fetch - processPackages [mdxcanvas]: podman run --user 0:0 --rm -w /home/abi/fetcher -v /home/abi/fetcher/tmp:/home/abi/fetcher/tmp:ro -v /home/abi/fetcher/20240423:/home/abi/fetcher/20240423:rw registry.salsa.debian.org/reproducible-builds/diffoscope --no-progress tmp/mdxcanvas-0.0.8.tar.gz tmp/mdxcanvas-0.1.0.tar.gz --markdown 20240423/m/mdxcanvas/0.0.8-0.1.0/README.md --exclude *.pyd
[2024-04-23 00:12:18] INFO root fetch - processPackages [mdxcanvas]: Remove: archive file [/home/abi/fetcher/tmp/mdxcanvas-0.0.8.tar.gz]
[2024-04-23 00:12:18] INFO root fetch - processPackages [mdxcanvas]: Remove: archive file [/home/abi/fetcher/tmp/mdxcanvas-0.1.0.tar.gz]
[2024-04-23 00:12:18] INFO root fetch - main [MainThread]: End processing [mdxcanvas]: success
[2024-04-23 00:12:19] INFO root fetch - processPackages [gpudb]: executing diffoscope
[2024-04-23 00:12:19] INFO root fetch - processPackages [gpudb]: podman run --user 0:0 --rm -w /home/abi/fetcher -v /home/abi/fetcher/tmp:/home/abi/fetcher/tmp:ro -v /home/abi/fetcher/20240423:/home/abi/fetcher/20240423:rw registry.salsa.debian.org/reproducible-builds/diffoscope --no-progress tmp/gpudb-7.2.0.5-cp39-cp39-win_amd64.whl.zip tmp/gpudb-7.2.0.6-cp36-cp36m-manylinux_2_17_x86_64.manylinux2014_x86_64.whl.zip --markdown 20240423/g/gpudb/7.2.0.5-7.2.0.6/README.md --exclude *.pyd
[2024-04-23 00:12:20] INFO root fetch - processPackages [gpudb]: Remove: archive file [/home/abi/fetcher/tmp/gpudb-7.2.0.5-cp39-cp39-win_amd64.whl.zip]
[2024-04-23 00:12:20] INFO root fetch - processPackages [gpudb]: Remove: archive file [/home/abi/fetcher/tmp/gpudb-7.2.0.6-cp36-cp36m-manylinux_2_17_x86_64.manylinux2014_x86_64.whl.zip]
[2024-04-23 00:12:20] INFO root fetch - main [MainThread]: End processing [gpudb]: success
[2024-04-23 00:12:20] INFO root fetch - main [MainThread]: Store serial: [22885327]
